[0m18:08:08.160060 [debug] [MainThread]: Sending event: {'category': 'dbt', 'action': 'invocation', 'label': 'start', 'context': [<snowplow_tracker.self_describing_json.SelfDescribingJson object at 0x000001DE94705F40>, <snowplow_tracker.self_describing_json.SelfDescribingJson object at 0x000001DE94704620>, <snowplow_tracker.self_describing_json.SelfDescribingJson object at 0x000001DE947069C0>]}


============================== 18:08:08.197789 | 05009500-99de-4478-9d17-802d696a38df ==============================
[0m18:08:08.197789 [info ] [MainThread]: Running with dbt=1.7.14
[0m18:08:08.201347 [debug] [MainThread]: running dbt with arguments {'printer_width': '80', 'indirect_selection': 'eager', 'log_cache_events': 'False', 'write_json': 'True', 'partial_parse': 'True', 'cache_selected_only': 'False', 'profiles_dir': 'C:\\Users\\cmotte\\.dbt', 'debug': 'False', 'version_check': 'True', 'log_path': 'logs', 'warn_error': 'None', 'fail_fast': 'False', 'use_colors': 'True', 'use_experimental_parser': 'False', 'no_print': 'None', 'quiet': 'False', 'warn_error_options': 'WarnErrorOptions(include=[], exclude=[])', 'invocation_command': 'dbt test', 'log_format': 'default', 'introspect': 'True', 'target_path': 'None', 'static_parser': 'True', 'send_anonymous_usage_stats': 'True'}
[0m18:08:08.204347 [error] [MainThread]: Encountered an error:
Runtime Error
  No dbt_project.yml found at expected path C:\Users\cmotte\DVF_data\dbt_project.yml
  Verify that each entry within packages.yml (and their transitive dependencies) contains a file named dbt_project.yml
  
[0m18:08:08.215438 [debug] [MainThread]: Command `dbt test` failed at 18:08:08.214152 after 0.42 seconds
[0m18:08:08.217499 [debug] [MainThread]: Sending event: {'category': 'dbt', 'action': 'invocation', 'label': 'end', 'context': [<snowplow_tracker.self_describing_json.SelfDescribingJson object at 0x000001DE9453B2F0>, <snowplow_tracker.self_describing_json.SelfDescribingJson object at 0x000001DE936E0770>, <snowplow_tracker.self_describing_json.SelfDescribingJson object at 0x000001DE94614D10>]}
[0m18:08:08.220067 [debug] [MainThread]: Flushing usage events
[0m18:08:08.257041 [debug] [MainThread]: Error sending anonymous usage statistics. Disabling tracking for this execution. If you wish to permanently disable tracking, see: https://docs.getdbt.com/reference/global-configs#send-anonymous-usage-stats.
[0m04:45:15.915270 [debug] [MainThread]: Sending event: {'category': 'dbt', 'action': 'invocation', 'label': 'start', 'context': [<snowplow_tracker.self_describing_json.SelfDescribingJson object at 0x00000264547A3350>, <snowplow_tracker.self_describing_json.SelfDescribingJson object at 0x00000264547A27B0>, <snowplow_tracker.self_describing_json.SelfDescribingJson object at 0x00000264547A0AD0>]}


============================== 04:45:15.922148 | 2715163f-b45b-40e8-998a-c042887bf0ad ==============================
[0m04:45:15.922148 [info ] [MainThread]: Running with dbt=1.7.10
[0m04:45:15.924181 [debug] [MainThread]: running dbt with arguments {'printer_width': '80', 'indirect_selection': 'eager', 'log_cache_events': 'False', 'write_json': 'True', 'partial_parse': 'True', 'cache_selected_only': 'False', 'profiles_dir': 'C:\\Users\\cmotte\\.dbt', 'version_check': 'True', 'debug': 'False', 'log_path': 'logs', 'warn_error': 'None', 'fail_fast': 'False', 'use_colors': 'True', 'use_experimental_parser': 'False', 'no_print': 'None', 'quiet': 'False', 'warn_error_options': 'WarnErrorOptions(include=[], exclude=[])', 'static_parser': 'True', 'introspect': 'True', 'log_format': 'default', 'target_path': 'None', 'invocation_command': 'dbt test', 'send_anonymous_usage_stats': 'True'}
[0m04:45:15.925248 [error] [MainThread]: Encountered an error:
Runtime Error
  No dbt_project.yml found at expected path C:\Users\cmotte\dbt_for_dvf\dbt_project.yml
  Verify that each entry within packages.yml (and their transitive dependencies) contains a file named dbt_project.yml
  
[0m04:45:15.928290 [debug] [MainThread]: Command `dbt test` failed at 04:45:15.928290 after 0.19 seconds
[0m04:45:15.929284 [debug] [MainThread]: Sending event: {'category': 'dbt', 'action': 'invocation', 'label': 'end', 'context': [<snowplow_tracker.self_describing_json.SelfDescribingJson object at 0x00000264545FD340>, <snowplow_tracker.self_describing_json.SelfDescribingJson object at 0x00000264545AB6B0>, <snowplow_tracker.self_describing_json.SelfDescribingJson object at 0x000002645469E3F0>]}
[0m04:45:15.929284 [debug] [MainThread]: Flushing usage events
[0m04:45:15.946947 [debug] [MainThread]: Error sending anonymous usage statistics. Disabling tracking for this execution. If you wish to permanently disable tracking, see: https://docs.getdbt.com/reference/global-configs#send-anonymous-usage-stats.
[0m13:20:08.716313 [debug] [MainThread]: Sending event: {'category': 'dbt', 'action': 'invocation', 'label': 'start', 'context': [<snowplow_tracker.self_describing_json.SelfDescribingJson object at 0x0000015E3C9A21E0>, <snowplow_tracker.self_describing_json.SelfDescribingJson object at 0x0000015E3C9A1D00>, <snowplow_tracker.self_describing_json.SelfDescribingJson object at 0x0000015E3C9A06B0>]}


============================== 13:20:08.725936 | b0f6f29b-4257-4077-ad41-cc0a200f21dd ==============================
[0m13:20:08.725936 [info ] [MainThread]: Running with dbt=1.7.10
[0m13:20:08.725936 [debug] [MainThread]: running dbt with arguments {'printer_width': '80', 'indirect_selection': 'eager', 'log_cache_events': 'False', 'write_json': 'True', 'partial_parse': 'True', 'cache_selected_only': 'False', 'warn_error': 'None', 'fail_fast': 'False', 'profiles_dir': 'C:\\Users\\cmotte\\.dbt', 'log_path': 'logs', 'debug': 'False', 'version_check': 'True', 'use_colors': 'True', 'use_experimental_parser': 'False', 'no_print': 'None', 'quiet': 'False', 'log_format': 'default', 'static_parser': 'True', 'invocation_command': 'dbt test', 'warn_error_options': 'WarnErrorOptions(include=[], exclude=[])', 'target_path': 'None', 'introspect': 'True', 'send_anonymous_usage_stats': 'True'}
[0m13:20:08.730413 [error] [MainThread]: Encountered an error:
Runtime Error
  No dbt_project.yml found at expected path C:\Users\cmotte\dbt_for_dvf\dbt_project.yml
  Verify that each entry within packages.yml (and their transitive dependencies) contains a file named dbt_project.yml
  
[0m13:20:08.734243 [debug] [MainThread]: Command `dbt test` failed at 13:20:08.734243 after 0.18 seconds
[0m13:20:08.734243 [debug] [MainThread]: Sending event: {'category': 'dbt', 'action': 'invocation', 'label': 'end', 'context': [<snowplow_tracker.self_describing_json.SelfDescribingJson object at 0x0000015E3C8669F0>, <snowplow_tracker.self_describing_json.SelfDescribingJson object at 0x0000015E3C7F98E0>, <snowplow_tracker.self_describing_json.SelfDescribingJson object at 0x0000015E3C7AE4B0>]}
[0m13:20:08.740274 [debug] [MainThread]: Flushing usage events
[0m13:20:08.765536 [debug] [MainThread]: Error sending anonymous usage statistics. Disabling tracking for this execution. If you wish to permanently disable tracking, see: https://docs.getdbt.com/reference/global-configs#send-anonymous-usage-stats.
[0m06:40:55.561530 [debug] [MainThread]: Sending event: {'category': 'dbt', 'action': 'invocation', 'label': 'start', 'context': [<snowplow_tracker.self_describing_json.SelfDescribingJson object at 0x000002275A4A2C90>, <snowplow_tracker.self_describing_json.SelfDescribingJson object at 0x000002275A289EE0>, <snowplow_tracker.self_describing_json.SelfDescribingJson object at 0x000002275A4A1D90>]}


============================== 06:40:55.582171 | 99312f10-e529-4bc1-b96c-543f6204d6f3 ==============================
[0m06:40:55.582171 [info ] [MainThread]: Running with dbt=1.7.10
[0m06:40:55.588429 [debug] [MainThread]: running dbt with arguments {'printer_width': '80', 'indirect_selection': 'eager', 'write_json': 'True', 'log_cache_events': 'False', 'partial_parse': 'True', 'cache_selected_only': 'False', 'warn_error': 'None', 'fail_fast': 'False', 'profiles_dir': 'C:\\Users\\cmotte\\.dbt', 'log_path': 'logs', 'debug': 'False', 'version_check': 'True', 'use_colors': 'True', 'use_experimental_parser': 'False', 'no_print': 'None', 'quiet': 'False', 'log_format': 'default', 'static_parser': 'True', 'invocation_command': 'dbt test', 'warn_error_options': 'WarnErrorOptions(include=[], exclude=[])', 'target_path': 'None', 'introspect': 'True', 'send_anonymous_usage_stats': 'True'}
[0m06:40:55.588429 [error] [MainThread]: Encountered an error:
Runtime Error
  No dbt_project.yml found at expected path C:\Users\cmotte\dbt_for_dvf\dbt_project.yml
  Verify that each entry within packages.yml (and their transitive dependencies) contains a file named dbt_project.yml
  
[0m06:40:55.591945 [debug] [MainThread]: Command `dbt test` failed at 06:40:55.591945 after 0.27 seconds
[0m06:40:55.591945 [debug] [MainThread]: Sending event: {'category': 'dbt', 'action': 'invocation', 'label': 'end', 'context': [<snowplow_tracker.self_describing_json.SelfDescribingJson object at 0x000002275A2C2480>, <snowplow_tracker.self_describing_json.SelfDescribingJson object at 0x000002275A0134A0>, <snowplow_tracker.self_describing_json.SelfDescribingJson object at 0x000002275A39E570>]}
[0m06:40:55.594924 [debug] [MainThread]: Flushing usage events
[0m06:40:55.607644 [debug] [MainThread]: Error sending anonymous usage statistics. Disabling tracking for this execution. If you wish to permanently disable tracking, see: https://docs.getdbt.com/reference/global-configs#send-anonymous-usage-stats.
[0m18:26:34.501523 [debug] [MainThread]: Sending event: {'category': 'dbt', 'action': 'invocation', 'label': 'start', 'context': [<snowplow_tracker.self_describing_json.SelfDescribingJson object at 0x79f7b3ba67b0>, <snowplow_tracker.self_describing_json.SelfDescribingJson object at 0x79f7b3f2ddc0>, <snowplow_tracker.self_describing_json.SelfDescribingJson object at 0x79f7b54e42c0>]}


============================== 18:26:34.504604 | ada77c4f-2bcb-4956-897a-e23eef702dd1 ==============================
[0m18:26:34.504604 [info ] [MainThread]: Running with dbt=1.8.1
[0m18:26:34.505218 [debug] [MainThread]: running dbt with arguments {'printer_width': '80', 'indirect_selection': 'eager', 'log_cache_events': 'False', 'write_json': 'True', 'partial_parse': 'True', 'cache_selected_only': 'False', 'profiles_dir': '/home/cyril/.dbt', 'debug': 'False', 'version_check': 'True', 'log_path': 'logs', 'fail_fast': 'False', 'warn_error': 'None', 'use_colors': 'True', 'use_experimental_parser': 'False', 'no_print': 'None', 'quiet': 'False', 'warn_error_options': 'WarnErrorOptions(include=[], exclude=[])', 'invocation_command': 'dbt debug', 'static_parser': 'True', 'introspect': 'True', 'target_path': 'None', 'log_format': 'default', 'send_anonymous_usage_stats': 'True'}
[0m18:26:34.513994 [info ] [MainThread]: dbt version: 1.8.1
[0m18:26:34.514509 [info ] [MainThread]: python version: 3.12.3
[0m18:26:34.514911 [info ] [MainThread]: python path: /home/cyril/Documents/vscode_project/dbt_for_dvf/.venv/bin/python3
[0m18:26:34.515360 [info ] [MainThread]: os info: Linux-6.8.0-31-generic-x86_64-with-glibc2.39
[0m18:26:34.515766 [info ] [MainThread]: Using profiles dir at /home/cyril/.dbt
[0m18:26:34.516158 [info ] [MainThread]: Using profiles.yml file at /home/cyril/.dbt/profiles.yml
[0m18:26:34.516536 [info ] [MainThread]: Using dbt_project.yml file at /home/cyril/Documents/vscode_project/dbt_for_dvf/dbt_project.yml
[0m18:26:34.516943 [info ] [MainThread]: Configuration:
[0m18:26:34.517345 [info ] [MainThread]:   profiles.yml file [[31mERROR not found[0m]
[0m18:26:34.517724 [info ] [MainThread]:   dbt_project.yml file [[31mERROR not found[0m]
[0m18:26:34.518110 [info ] [MainThread]: Required dependencies:
[0m18:26:34.518511 [debug] [MainThread]: Executing "git --help"
[0m18:26:34.522960 [debug] [MainThread]: STDOUT: "b"usage: git [-v | --version] [-h | --help] [-C <path>] [-c <name>=<value>]\n           [--exec-path[=<path>]] [--html-path] [--man-path] [--info-path]\n           [-p | --paginate | -P | --no-pager] [--no-replace-objects] [--bare]\n           [--git-dir=<path>] [--work-tree=<path>] [--namespace=<name>]\n           [--config-env=<name>=<envvar>] <command> [<args>]\n\nThese are common Git commands used in various situations:\n\nstart a working area (see also: git help tutorial)\n   clone     Clone a repository into a new directory\n   init      Create an empty Git repository or reinitialize an existing one\n\nwork on the current change (see also: git help everyday)\n   add       Add file contents to the index\n   mv        Move or rename a file, a directory, or a symlink\n   restore   Restore working tree files\n   rm        Remove files from the working tree and from the index\n\nexamine the history and state (see also: git help revisions)\n   bisect    Use binary search to find the commit that introduced a bug\n   diff      Show changes between commits, commit and working tree, etc\n   grep      Print lines matching a pattern\n   log       Show commit logs\n   show      Show various types of objects\n   status    Show the working tree status\n\ngrow, mark and tweak your common history\n   branch    List, create, or delete branches\n   commit    Record changes to the repository\n   merge     Join two or more development histories together\n   rebase    Reapply commits on top of another base tip\n   reset     Reset current HEAD to the specified state\n   switch    Switch branches\n   tag       Create, list, delete or verify a tag object signed with GPG\n\ncollaborate (see also: git help workflows)\n   fetch     Download objects and refs from another repository\n   pull      Fetch from and integrate with another repository or a local branch\n   push      Update remote refs along with associated objects\n\n'git help -a' and 'git help -g' list available subcommands and some\nconcept guides. See 'git help <command>' or 'git help <concept>'\nto read about a specific subcommand or concept.\nSee 'git help git' for an overview of the system.\n""
[0m18:26:34.523557 [debug] [MainThread]: STDERR: "b''"
[0m18:26:34.523944 [info ] [MainThread]:  - git [[32mOK found[0m]

[0m18:26:34.524369 [info ] [MainThread]: Connection test skipped since no profile was found
[0m18:26:34.524825 [info ] [MainThread]: [31m2 checks failed:[0m
[0m18:26:34.525227 [info ] [MainThread]: dbt looked for a profiles.yml file in /home/cyril/.dbt/profiles.yml, but did
not find one. For more information on configuring your profile, consult the
documentation:

https://docs.getdbt.com/docs/configure-your-profile


[0m18:26:34.525616 [info ] [MainThread]: Project loading failed for the following reason:
 project path </home/cyril/Documents/vscode_project/dbt_for_dvf/dbt_project.yml> not found

[0m18:26:34.527212 [debug] [MainThread]: Resource report: {"command_name": "debug", "command_wall_clock_time": 0.07632341, "process_user_time": 1.204125, "process_kernel_time": 0.139782, "process_mem_max_rss": "85848", "process_in_blocks": "96", "process_out_blocks": "16", "command_success": false}
[0m18:26:34.527929 [debug] [MainThread]: Command `dbt debug` failed at 18:26:34.527822 after 0.08 seconds
[0m18:26:34.528409 [debug] [MainThread]: Sending event: {'category': 'dbt', 'action': 'invocation', 'label': 'end', 'context': [<snowplow_tracker.self_describing_json.SelfDescribingJson object at 0x79f7b3ba57f0>, <snowplow_tracker.self_describing_json.SelfDescribingJson object at 0x79f7b3166d80>, <snowplow_tracker.self_describing_json.SelfDescribingJson object at 0x79f7b3f0c9b0>]}
[0m18:26:34.528874 [debug] [MainThread]: Flushing usage events
